# JRE version: OpenJDK Runtime Environment (8.0_242-b01) (build 1.8.0_242-release-1644-b01)
# Java VM: OpenJDK 64-Bit Server VM (25.242-b01 mixed mode windows-amd64 compressed oops)
Heap:
 PSYoungGen      total 585216K, used 137602K [0x00000000d5580000, 0x00000000fc000000, 0x0000000100000000)
  eden space 551424K, 20% used [0x00000000d5580000,0x00000000dc32f100,0x00000000f7000000)
  from space 33792K, 74% used [0x00000000f9f00000,0x00000000fb7b17f8,0x00000000fc000000)
  to   space 40960K, 0% used [0x00000000f7000000,0x00000000f7000000,0x00000000f9800000)
 ParOldGen       total 227840K, used 150457K [0x0000000080000000, 0x000000008de80000, 0x00000000d5580000)
  object space 227840K, 66% used [0x0000000080000000,0x00000000892ee7c0,0x000000008de80000)
 Metaspace       used 111472K, capacity 117948K, committed 118064K, reserved 1150976K
  class space    used 14390K, capacity 15624K, committed 15664K, reserved 1048576K
GC Heap History (10 events):
Event: 431.559 GC heap before
{Heap before GC invocations=34 (full 4):
 PSYoungGen      total 424448K, used 394122K [0x00000000d5580000, 0x00000000f5000000, 0x0000000100000000)
  eden space 387584K, 100% used [0x00000000d5580000,0x00000000ed000000,0x00000000ed000000)
  from space 36864K, 17% used [0x00000000ed000000,0x00000000ed662908,0x00000000ef400000)
  to   space 35328K, 0% used [0x00000000f2d80000,0x00000000f2d80000,0x00000000f5000000)
 ParOldGen       total 227840K, used 125852K [0x0000000080000000, 0x000000008de80000, 0x00000000d5580000)
  object space 227840K, 55% used [0x0000000080000000,0x0000000087ae72e0,0x000000008de80000)
 Metaspace       used 107425K, capacity 113080K, committed 113328K, reserved 1146880K
  class space    used 13920K, capacity 15002K, committed 15024K, reserved 1048576K
Event: 431.591 GC heap after
Heap after GC invocations=34 (full 4):
 PSYoungGen      total 474112K, used 15469K [0x00000000d5580000, 0x00000000f4a80000, 0x0000000100000000)
  eden space 444416K, 0% used [0x00000000d5580000,0x00000000d5580000,0x00000000f0780000)
  from space 29696K, 52% used [0x00000000f2d80000,0x00000000f3c9b640,0x00000000f4a80000)
  to   space 34304K, 0% used [0x00000000f0780000,0x00000000f0780000,0x00000000f2900000)
 ParOldGen       total 227840K, used 128724K [0x0000000080000000, 0x000000008de80000, 0x00000000d5580000)
  object space 227840K, 56% used [0x0000000080000000,0x0000000087db5160,0x000000008de80000)
 Metaspace       used 107425K, capacity 113080K, committed 113328K, reserved 1146880K
  class space    used 13920K, capacity 15002K, committed 15024K, reserved 1048576K
}
Event: 433.488 GC heap before
{Heap before GC invocations=35 (full 4):
 PSYoungGen      total 474112K, used 459885K [0x00000000d5580000, 0x00000000f4a80000, 0x0000000100000000)
  eden space 444416K, 100% used [0x00000000d5580000,0x00000000f0780000,0x00000000f0780000)
  from space 29696K, 52% used [0x00000000f2d80000,0x00000000f3c9b640,0x00000000f4a80000)
  to   space 34304K, 0% used [0x00000000f0780000,0x00000000f0780000,0x00000000f2900000)
 ParOldGen       total 227840K, used 128724K [0x0000000080000000, 0x000000008de80000, 0x00000000d5580000)
  object space 227840K, 56% used [0x0000000080000000,0x0000000087db5160,0x000000008de80000)
 Metaspace       used 107999K, capacity 113830K, committed 113968K, reserved 1148928K
  class space    used 13981K, capacity 15097K, committed 15152K, reserved 1048576K
Event: 433.529 GC heap after
Heap after GC invocations=35 (full 4):
 PSYoungGen      total 478720K, used 13343K [0x00000000d5580000, 0x00000000f8580000, 0x0000000100000000)
  eden space 444416K, 0% used [0x00000000d5580000,0x00000000d5580000,0x00000000f0780000)
  from space 34304K, 38% used [0x00000000f0780000,0x00000000f1487cc0,0x00000000f2900000)
  to   space 32768K, 0% used [0x00000000f6580000,0x00000000f6580000,0x00000000f8580000)
 ParOldGen       total 227840K, used 139929K [0x0000000080000000, 0x000000008de80000, 0x00000000d5580000)
  object space 227840K, 61% used [0x0000000080000000,0x00000000888a65d0,0x000000008de80000)
 Metaspace       used 107999K, capacity 113830K, committed 113968K, reserved 1148928K
  class space    used 13981K, capacity 15097K, committed 15152K, reserved 1048576K
}
Event: 435.759 GC heap before
{Heap before GC invocations=36 (full 4):
 PSYoungGen      total 478720K, used 457759K [0x00000000d5580000, 0x00000000f8580000, 0x0000000100000000)
  eden space 444416K, 100% used [0x00000000d5580000,0x00000000f0780000,0x00000000f0780000)
  from space 34304K, 38% used [0x00000000f0780000,0x00000000f1487cc0,0x00000000f2900000)
  to   space 32768K, 0% used [0x00000000f6580000,0x00000000f6580000,0x00000000f8580000)
 ParOldGen       total 227840K, used 139929K [0x0000000080000000, 0x000000008de80000, 0x00000000d5580000)
  object space 227840K, 61% used [0x0000000080000000,0x00000000888a65d0,0x000000008de80000)
 Metaspace       used 108563K, capacity 114414K, committed 114608K, reserved 1148928K
  class space    used 14050K, capacity 15165K, committed 15280K, reserved 1048576K
Event: 435.801 GC heap after
Heap after GC invocations=36 (full 4):
 PSYoungGen      total 533504K, used 8872K [0x00000000d5580000, 0x00000000f8080000, 0x0000000100000000)
  eden space 505856K, 0% used [0x00000000d5580000,0x00000000d5580000,0x00000000f4380000)
  from space 27648K, 32% used [0x00000000f6580000,0x00000000f6e2a1a0,0x00000000f8080000)
  to   space 31232K, 0% used [0x00000000f4380000,0x00000000f4380000,0x00000000f6200000)
 ParOldGen       total 227840K, used 139937K [0x0000000080000000, 0x000000008de80000, 0x00000000d5580000)
  object space 227840K, 61% used [0x0000000080000000,0x00000000888a85d0,0x000000008de80000)
 Metaspace       used 108563K, capacity 114414K, committed 114608K, reserved 1148928K
  class space    used 14050K, capacity 15165K, committed 15280K, reserved 1048576K
}
Event: 440.396 GC heap before
{Heap before GC invocations=37 (full 4):
 PSYoungGen      total 533504K, used 514286K [0x00000000d5580000, 0x00000000f8080000, 0x0000000100000000)
  eden space 505856K, 99% used [0x00000000d5580000,0x00000000f43116c8,0x00000000f4380000)
  from space 27648K, 32% used [0x00000000f6580000,0x00000000f6e2a1a0,0x00000000f8080000)
  to   space 31232K, 0% used [0x00000000f4380000,0x00000000f4380000,0x00000000f6200000)
 ParOldGen       total 227840K, used 139937K [0x0000000080000000, 0x000000008de80000, 0x00000000d5580000)
  object space 227840K, 61% used [0x0000000080000000,0x00000000888a85d0,0x000000008de80000)
 Metaspace       used 108739K, capacity 114562K, committed 114864K, reserved 1148928K
  class space    used 14052K, capacity 15165K, committed 15280K, reserved 1048576K
Event: 440.452 GC heap after
Heap after GC invocations=37 (full 4):
 PSYoungGen      total 537088K, used 31212K [0x00000000d5580000, 0x00000000fc580000, 0x0000000100000000)
  eden space 505856K, 0% used [0x00000000d5580000,0x00000000d5580000,0x00000000f4380000)
  from space 31232K, 99% used [0x00000000f4380000,0x00000000f61fb038,0x00000000f6200000)
  to   space 39424K, 0% used [0x00000000f9f00000,0x00000000f9f00000,0x00000000fc580000)
 ParOldGen       total 227840K, used 147463K [0x0000000080000000, 0x000000008de80000, 0x00000000d5580000)
  object space 227840K, 64% used [0x0000000080000000,0x0000000089001c58,0x000000008de80000)
 Metaspace       used 108739K, capacity 114562K, committed 114864K, reserved 1148928K
  class space    used 14052K, capacity 15165K, committed 15280K, reserved 1048576K
}
Event: 3749.311 GC heap before
{Heap before GC invocations=38 (full 4):
 PSYoungGen      total 537088K, used 537068K [0x00000000d5580000, 0x00000000fc580000, 0x0000000100000000)
  eden space 505856K, 100% used [0x00000000d5580000,0x00000000f4380000,0x00000000f4380000)
  from space 31232K, 99% used [0x00000000f4380000,0x00000000f61fb038,0x00000000f6200000)
  to   space 39424K, 0% used [0x00000000f9f00000,0x00000000f9f00000,0x00000000fc580000)
 ParOldGen       total 227840K, used 147463K [0x0000000080000000, 0x000000008de80000, 0x00000000d5580000)
  object space 227840K, 64% used [0x0000000080000000,0x0000000089001c58,0x000000008de80000)
 Metaspace       used 111013K, capacity 117342K, committed 117552K, reserved 1150976K
  class space    used 14344K, capacity 15535K, committed 15664K, reserved 1048576K
Event: 3749.497 GC heap after
Heap after GC invocations=38 (full 4):
 PSYoungGen      total 585216K, used 25285K [0x00000000d5580000, 0x00000000fc000000, 0x0000000100000000)
  eden space 551424K, 0% used [0x00000000d5580000,0x00000000d5580000,0x00000000f7000000)
  from space 33792K, 74% used [0x00000000f9f00000,0x00000000fb7b17f8,0x00000000fc000000)
  to   space 40960K, 0% used [0x00000000f7000000,0x00000000f7000000,0x00000000f9800000)
 ParOldGen       total 227840K, used 150457K [0x0000000080000000, 0x000000008de80000, 0x00000000d5580000)
  object space 227840K, 66% used [0x0000000080000000,0x00000000892ee7c0,0x000000008de80000)
 Metaspace       used 111013K, capacity 117342K, committed 117552K, reserved 1150976K
  class space    used 14344K, capacity 15535K, committed 15664K, reserved 1048576K
}

